1560414998584:help
1560415007710:history
1560415019019:exit
1560442503247:test
1560442506961:exit
1560442564794:help
1560442567612:exit
1560443889988:help
1560443898687:Register user1
1560443904605:REGISTER user1
1560443962359:REGISTER user2
1560443973565:exit
1560443993658:help
1560444001248:REGISTER user1
1560444015748:REGISTER user2
1560444023806:exit
1560444162960:register user1
1560444168088:Register user1
1560444170914:help
1560444179029:exit
1560445134853:help
1560445153982:register user1
1560445189194:createListing user1 title1 desc1 1000 cate1
1560445202485:getlisting user1 90742dce-c0aa-42cb-b0ce-f89a01fc6eee
1560445227777:getListing user1 90742dce-c0aa-42cb-b0ce-f89a01fc6eee
1560445253078:getListing user2 90742dce-c0aa-42cb-b0ce-f89a01fc6eee
1560445256621:getListing user1 90742dce-c0aa-42cb-b0ce-f89a01fc6e55
1560445276297:getListing user2 90742dce-c0aa-42cb-b0ce-f89a01fc6eee
1560445483095:help
1560445491368:register user1
1560445523281:CreateListing user1 title1 desc1 3000 cate1
1560445543596:GetListing user1 118d2e99-237a-4f10-917c-9f5871cd0877
1560445554345:GetListing user1 118d2e99-237a-4f10-917c-9f5871cd0874
1560445559864:GetListing user2 118d2e99-237a-4f10-917c-9f5871cd0877
1560445595200:DeleteListing user2 118d2e99-237a-4f10-917c-9f5871cd0877
1560445616039:DELETE_LISTING user1 118d2e99-237a-4f10-917c-9f5871cd0873
1560445625402:DELETE_LISTING user1 118d2e99-237a-4f10-917c-9f5871cd0877
1560446201517:register user1
1560446215297:register user2
1560446218915:register user3
1560446232307:help
1560446266988:CREATE_LISTING user1 title1 desc1 2000 cate1
1560446278897:CREATE_LISTING user1 title2 desc2 3000 cate1
1560446301435:CREATE_LISTING user1 title3 desc3 4000 cate1
1560446316070:CREATE_LISTING user1 title4 desc4 2000 cate2
1560446349550:getCategory user1 cate1 price asc
1560446360752:getCategory user1 cate1 price desc
1560446372320:getCategory user1 cate1 creationTime asc
1560446394164:getCategory user1 cate1 creationTime desc
1560446407739:getTopCategory user1
1560446461484:getCategory user1 cate3 price desc
1560446467789:getCategory user4 cate1 price desc
1560446492277:getTopCategory user4
1560446505869:exit
1560449006385:help
1560449012068:CREATE_LISTING user1 title1 desc1 2000 cate1
1560449030189:REGISTER user1
1560449039775:CREATE_LISTING user1 title1 desc1 2000 cate1
1560449044616:CREATE_LISTING user1 title2 desc2 3000 cate1
1560449049247:CREATE_LISTING user1 title3 desc3 4000 cate1
1560449053784:CREATE_LISTING user1 title4 desc4 2000 cate2
1560449073090:CREATE_LISTING user1 title5 desc5 1000 cate1
1560449095276:getCategory user1 cate1 sort_price asc
1560449102194:getCategory user1 cate1 price asc
1560449128232:getCategory user1 cate1 sort_time asc
1560449141809:getCategory user1 cate1 sort_price DESC
1560449174745:GET_LISTING user1 83b4abe6-3eab-4fe8-8c0a-c1e982a2579f
1560449192930:getTopCategory user1
1560449692650:help
1560449701068:REGISTER user1
1560449705880:register user1
1560449728125:exit
1560449826176:register user1
1560449982462:exit
1560488788392:help
1560488795308:REGISTER user 1
1560488803710:register user1
1560488809908:register user2
1560488813347:register user1
1561311882930:help
1561311895232:Register user1
1561311901593:Register user2
1561311934409:CREATE_LISTING user1 title1 desc1 2000 cate1
1561311975174:exit
1561311991188:help
1561311997508:register user1
1561312030099:CREATE_LISTING user1 title1 desc1 2000 cate1
1561312096867:register user1
1561312100823:CREATE_LISTING user1 title1 desc1 2000 cate1
1561312368861:register user1
1561312378441:CREATE_LISTING user1 title1 desc1 2000 cate1
1561312522969:register user1
1561312530140:CREATE_LISTING user1 title1 desc1 2000 cate1
1561312538375:CREATE_LISTING user1 title2 desc2 3000 cate1
1561312546254:CREATE_LISTING user1 title3 desc3 4000 cate1
1561312551758:CREATE_LISTING user1 title4 desc4 2000 cate2
1561312558086:CREATE_LISTING user1 title5 desc5 1000 cate1
1561312594657:help
1561312617383:getListing a9577df6-5334-44d9-a888-013e47ab1a83
1561312628125:getListing user1 a9577df6-5334-44d9-a888-013e47ab1a83
1561312639736:getCategory user1 cate1 sort_price asc
1561312679945:getCategory user1 cate1 price asc
1561312693622:1560449128232:getCategory user1 cate1 sort_time asc
1561312714616:getCategory user1 cate1 sort_time asc
1561312724549:getTopCategory user1
1561312757209:DELETE_LISTING user1 a9577df6-5334-44d9-a888-013e47ab1a83
1561312766010:getCategory user1 cate1 sort_time asc
1561312781869:register user1
1561312785981:exit
1561395049475:help
1561395055175:exit
1561484838969:help
1561484840798:exit
1561536194127:help
1561536196496:exit
1561565660016:help
1561565663360:exit
1561565707390:help
1561565710128:exit
1562644149777:help
1562644184954:exit
1562644283697:help
1562644286011:exit
1562746540913:help
1562746550997:exit
